<!DOCTYPE html PUBLIC "-//W3C//DTD XHTML 1.1//EN" "http://www.w3.org/TR/xhtml11/DTD/xhtml11.dtd">
<html xmlns="http://www.w3.org/1999/xhtml"><head><title>TestNG Report</title><style type="text/css">table {margin-bottom:10px;border-collapse:collapse;empty-cells:show}th,td {border:1px solid #009;padding:.25em .5em}th {vertical-align:bottom}td {vertical-align:top}table a {font-weight:bold}.stripe td {background-color: #E6EBF9}.num {text-align:right}.passedodd td {background-color: #3F3}.passedeven td {background-color: #0A0}.skippedodd td {background-color: #DDD}.skippedeven td {background-color: #CCC}.failedodd td,.attn {background-color: #F33}.failedeven td,.stripe .attn {background-color: #D00}.stacktrace {white-space:pre;font-family:monospace}.totop {font-size:85%;text-align:center;border-bottom:2px solid #000}</style></head><body><table><tr><th>Test</th><th># Passed</th><th># Skipped</th><th># Failed</th><th>Time (ms)</th><th>Included Groups</th><th>Excluded Groups</th></tr><tr><th colspan="7">Default suite</th></tr><tr><td><a href="#t0">Default test</a></td><td class="num">0</td><td class="num">0</td><td class="num attn">2</td><td class="num">1,650</td><td></td><td></td></tr></table><table><thead><tr><th>Class</th><th>Method</th><th>Start</th><th>Time (ms)</th></tr></thead><tbody><tr><th colspan="4">Default suite</th></tr></tbody><tbody id="t0"><tr><th colspan="4">Default test &#8212; failed</th></tr><tr class="failedeven"><td rowspan="2">Runner.test_runner56</td><td><a href="#m0">runScenario</a></td><td rowspan="2">1671296751140</td><td rowspan="2">556</td></tr><tr class="failedeven"><td><a href="#m1">runScenario</a></td></tr></tbody></table><h2>Default test</h2><h3 id="m0">Runner.test_runner56#runScenario</h3><table class="result"><tr class="param"><th>Parameter #1</th><th>Parameter #2</th></tr><tr class="param stripe"><td>&quot;to test the login with valid data&quot;</td><td>&quot;Optional[Test guru login page]&quot;</td></tr><tr><th colspan="2">Exception</th></tr><tr><td colspan="2"><div class="stacktrace">java.lang.NullPointerException: Cannot invoke &quot;org.openqa.selenium.WebDriver.findElement(org.openqa.selenium.By)&quot; because &quot;this.driver1&quot; is null
	at definition90.def34.enter_username(def34.java:31)
	at ✽.Enter Username &quot;user&quot;(file:///H:/spring-selenium-workspace/Cucumberpractice%20TestNG/src/test/resources/login123/demo.feature:8)
</div></td></tr></table><p class="totop"><a href="#summary">back to summary</a></p><h3 id="m1">Runner.test_runner56#runScenario</h3><table class="result"><tr class="param"><th>Parameter #1</th><th>Parameter #2</th></tr><tr class="param stripe"><td>&quot;to test the login with valid data&quot;</td><td>&quot;Optional[Test guru login page]&quot;</td></tr><tr><th colspan="2">Exception</th></tr><tr><td colspan="2"><div class="stacktrace">java.lang.NullPointerException: Cannot invoke &quot;org.openqa.selenium.WebDriver.findElement(org.openqa.selenium.By)&quot; because &quot;this.driver1&quot; is null
	at definition90.def34.enter_username(def34.java:31)
	at ✽.Enter Username &quot;admin&quot;(file:///H:/spring-selenium-workspace/Cucumberpractice%20TestNG/src/test/resources/login123/demo.feature:8)
</div></td></tr></table><p class="totop"><a href="#summary">back to summary</a></p></body></html>